ARM GAS  C:\Users\jdrd3\AppData\Local\Temp\ccQHG6Cp.s 			page 1


   1              		.syntax unified
   2              		.cpu cortex-m3
   3              		.fpu softvfp
   4              		.eabi_attribute 20, 1
   5              		.eabi_attribute 21, 1
   6              		.eabi_attribute 23, 3
   7              		.eabi_attribute 24, 1
   8              		.eabi_attribute 25, 1
   9              		.eabi_attribute 26, 1
  10              		.eabi_attribute 30, 1
  11              		.eabi_attribute 34, 1
  12              		.eabi_attribute 18, 4
  13              		.thumb
  14              		.syntax unified
  15              		.file	"cymetadata.c"
  16              		.text
  17              	.Ltext0:
  18              		.cfi_sections	.debug_frame
  19              		.global	cy_metadata
  20              		.global	cy_meta_flashprotect
  21              		.global	cy_meta_wonvl
  22              		.global	cy_meta_custnvl
  23              		.global	cy_meta_configecc
  24              		.section	.cyconfigecc,"a",%progbits
  25              		.align	2
  26              		.type	cy_meta_configecc, %object
  27              		.size	cy_meta_configecc, 204
  28              	cy_meta_configecc:
  29 0000 02       		.byte	2
  30 0001 52       		.byte	82
  31 0002 00       		.byte	0
  32 0003 40       		.byte	64
  33 0004 03       		.byte	3
  34 0005 09       		.byte	9
  35 0006 01       		.byte	1
  36 0007 40       		.byte	64
  37 0008 05       		.byte	5
  38 0009 0A       		.byte	10
  39 000a 01       		.byte	1
  40 000b 40       		.byte	64
  41 000c 0D       		.byte	13
  42 000d 0B       		.byte	11
  43 000e 01       		.byte	1
  44 000f 40       		.byte	64
  45 0010 01       		.byte	1
  46 0011 15       		.byte	21
  47 0012 01       		.byte	1
  48 0013 40       		.byte	64
  49 0014 01       		.byte	1
  50 0015 1B       		.byte	27
  51 0016 01       		.byte	1
  52 0017 40       		.byte	64
  53 0018 04       		.byte	4
  54 0019 44       		.byte	68
  55 001a 01       		.byte	1
  56 001b 40       		.byte	64
  57 001c 09       		.byte	9
ARM GAS  C:\Users\jdrd3\AppData\Local\Temp\ccQHG6Cp.s 			page 2


  58 001d 45       		.byte	69
  59 001e 01       		.byte	1
  60 001f 40       		.byte	64
  61 0020 0C       		.byte	12
  62 0021 46       		.byte	70
  63 0022 01       		.byte	1
  64 0023 40       		.byte	64
  65 0024 04       		.byte	4
  66 0025 47       		.byte	71
  67 0026 01       		.byte	1
  68 0027 40       		.byte	64
  69 0028 02       		.byte	2
  70 0029 48       		.byte	72
  71 002a 01       		.byte	1
  72 002b 40       		.byte	64
  73 002c 01       		.byte	1
  74 002d 49       		.byte	73
  75 002e 01       		.byte	1
  76 002f 40       		.byte	64
  77 0030 01       		.byte	1
  78 0031 4C       		.byte	76
  79 0032 01       		.byte	1
  80 0033 40       		.byte	64
  81 0034 02       		.byte	2
  82 0035 4D       		.byte	77
  83 0036 01       		.byte	1
  84 0037 40       		.byte	64
  85 0038 10       		.byte	16
  86 0039 C0       		.byte	-64
  87 003a 11       		.byte	17
  88 003b A0       		.byte	-96
  89 003c AD       		.byte	-83
  90 003d 20       		.byte	32
  91 003e B4       		.byte	-76
  92 003f 01       		.byte	1
  93 0040 E8       		.byte	-24
  94 0041 08       		.byte	8
  95 0042 38       		.byte	56
  96 0043 80       		.byte	-128
  97 0044 3E       		.byte	62
  98 0045 40       		.byte	64
  99 0046 58       		.byte	88
 100 0047 04       		.byte	4
 101 0048 5B       		.byte	91
 102 0049 04       		.byte	4
 103 004a 5F       		.byte	95
 104 004b 01       		.byte	1
 105 004c 18       		.byte	24
 106 004d 02       		.byte	2
 107 004e 69       		.byte	105
 108 004f 82       		.byte	-126
 109 0050 6B       		.byte	107
 110 0051 28       		.byte	40
 111 0052 70       		.byte	112
 112 0053 80       		.byte	-128
 113 0054 71       		.byte	113
 114 0055 20       		.byte	32
ARM GAS  C:\Users\jdrd3\AppData\Local\Temp\ccQHG6Cp.s 			page 3


 115 0056 83       		.byte	-125
 116 0057 20       		.byte	32
 117 0058 87       		.byte	-121
 118 0059 08       		.byte	8
 119 005a 8C       		.byte	-116
 120 005b 80       		.byte	-128
 121 005c 8D       		.byte	-115
 122 005d 40       		.byte	64
 123 005e 95       		.byte	-107
 124 005f 02       		.byte	2
 125 0060 AD       		.byte	-83
 126 0061 01       		.byte	1
 127 0062 E0       		.byte	-32
 128 0063 09       		.byte	9
 129 0064 EC       		.byte	-20
 130 0065 02       		.byte	2
 131 0066 EC       		.byte	-20
 132 0067 10       		.byte	16
 133 0068 EC       		.byte	-20
 134 0069 10       		.byte	16
 135 006a 70       		.byte	112
 136 006b 02       		.byte	2
 137 006c 7C       		.byte	124
 138 006d 08       		.byte	8
 139 006e DC       		.byte	-36
 140 006f 01       		.byte	1
 141 0070 DE       		.byte	-34
 142 0071 01       		.byte	1
 143 0072 50       		.byte	80
 144 0073 08       		.byte	8
 145 0074 5D       		.byte	93
 146 0075 04       		.byte	4
 147 0076 62       		.byte	98
 148 0077 42       		.byte	66
 149 0078 67       		.byte	103
 150 0079 80       		.byte	-128
 151 007a 9C       		.byte	-100
 152 007b 08       		.byte	8
 153 007c A4       		.byte	-92
 154 007d 02       		.byte	2
 155 007e D4       		.byte	-44
 156 007f 04       		.byte	4
 157 0080 D6       		.byte	-42
 158 0081 03       		.byte	3
 159 0082 D8       		.byte	-40
 160 0083 03       		.byte	3
 161 0084 45       		.byte	69
 162 0085 08       		.byte	8
 163 0086 82       		.byte	-126
 164 0087 02       		.byte	2
 165 0088 86       		.byte	-122
 166 0089 40       		.byte	64
 167 008a 8C       		.byte	-116
 168 008b 0A       		.byte	10
 169 008c 97       		.byte	-105
 170 008d 80       		.byte	-128
 171 008e 9C       		.byte	-100
ARM GAS  C:\Users\jdrd3\AppData\Local\Temp\ccQHG6Cp.s 			page 4


 172 008f 08       		.byte	8
 173 0090 9E       		.byte	-98
 174 0091 40       		.byte	64
 175 0092 A4       		.byte	-92
 176 0093 0A       		.byte	10
 177 0094 A6       		.byte	-90
 178 0095 02       		.byte	2
 179 0096 AD       		.byte	-83
 180 0097 04       		.byte	4
 181 0098 D0       		.byte	-48
 182 0099 01       		.byte	1
 183 009a E4       		.byte	-28
 184 009b 0A       		.byte	10
 185 009c A5       		.byte	-91
 186 009d 08       		.byte	8
 187 009e AF       		.byte	-81
 188 009f 40       		.byte	64
 189 00a0 B4       		.byte	-76
 190 00a1 08       		.byte	8
 191 00a2 E8       		.byte	-24
 192 00a3 02       		.byte	2
 193 00a4 25       		.byte	37
 194 00a5 10       		.byte	16
 195 00a6 C8       		.byte	-56
 196 00a7 20       		.byte	32
 197 00a8 B5       		.byte	-75
 198 00a9 10       		.byte	16
 199 00aa A5       		.byte	-91
 200 00ab 08       		.byte	8
 201 00ac B5       		.byte	-75
 202 00ad 08       		.byte	8
 203 00ae EC       		.byte	-20
 204 00af 08       		.byte	8
 205 00b0 00       		.byte	0
 206 00b1 80       		.byte	-128
 207 00b2 80       		.byte	-128
 208 00b3 00       		.byte	0
 209 00b4 80       		.byte	-128
 210 00b5 00       		.byte	0
 211 00b6 00       		.byte	0
 212 00b7 00       		.byte	0
 213 00b8 00       		.byte	0
 214 00b9 0B       		.byte	11
 215 00ba 0B       		.byte	11
 216 00bb 00       		.byte	0
 217 00bc 00       		.byte	0
 218 00bd 00       		.byte	0
 219 00be 40       		.byte	64
 220 00bf 00       		.byte	0
 221 00c0 00       		.byte	0
 222 00c1 F8       		.byte	-8
 223 00c2 F8       		.byte	-8
 224 00c3 00       		.byte	0
 225 00c4 F8       		.byte	-8
 226 00c5 00       		.byte	0
 227 00c6 00       		.byte	0
 228 00c7 00       		.byte	0
ARM GAS  C:\Users\jdrd3\AppData\Local\Temp\ccQHG6Cp.s 			page 5


 229 00c8 07       		.byte	7
 230 00c9 00       		.byte	0
 231 00ca 18       		.byte	24
 232 00cb 01       		.byte	1
 233              		.section	.cywolatch,"a",%progbits
 234              		.align	2
 235              		.type	cy_meta_wonvl, %object
 236              		.size	cy_meta_wonvl, 4
 237              	cy_meta_wonvl:
 238 0000 BC       		.byte	-68
 239 0001 90       		.byte	-112
 240 0002 AC       		.byte	-84
 241 0003 AF       		.byte	-81
 242              		.section	.cycustnvl,"a",%progbits
 243              		.align	2
 244              		.type	cy_meta_custnvl, %object
 245              		.size	cy_meta_custnvl, 4
 246              	cy_meta_custnvl:
 247 0000 00       		.byte	0
 248 0001 00       		.byte	0
 249 0002 40       		.byte	64
 250 0003 05       		.byte	5
 251              		.section	.cymeta,"a",%progbits
 252              		.align	2
 253              		.type	cy_metadata, %object
 254              		.size	cy_metadata, 12
 255              	cy_metadata:
 256 0000 00       		.byte	0
 257 0001 01       		.byte	1
 258 0002 2E       		.byte	46
 259 0003 16       		.byte	22
 260 0004 10       		.byte	16
 261 0005 69       		.byte	105
 262 0006 00       		.byte	0
 263 0007 01       		.byte	1
 264 0008 00       		.byte	0
 265 0009 00       		.byte	0
 266 000a 00       		.byte	0
 267 000b 00       		.byte	0
 268              		.section	.cyflashprotect,"a",%progbits
 269              		.align	2
 270              		.type	cy_meta_flashprotect, %object
 271              		.size	cy_meta_flashprotect, 256
 272              	cy_meta_flashprotect:
 273 0000 00000000 		.space	256
 273      00000000 
 273      00000000 
 273      00000000 
 273      00000000 
 274              		.text
 275              	.Letext0:
 276              		.file 1 "c:\\program files (x86)\\cypress\\psoc creator\\4.2\\psoc creator\\import\\gnu\\arm\\5.4.
 277              		.file 2 "c:\\program files (x86)\\cypress\\psoc creator\\4.2\\psoc creator\\import\\gnu\\arm\\5.4.
 278              		.file 3 "Generated_Source\\PSoC5\\cymetadata.c"
 279              		.section	.debug_info,"",%progbits
 280              	.Ldebug_info0:
 281 0000 30010000 		.4byte	0x130
ARM GAS  C:\Users\jdrd3\AppData\Local\Temp\ccQHG6Cp.s 			page 6


 282 0004 0400     		.2byte	0x4
 283 0006 00000000 		.4byte	.Ldebug_abbrev0
 284 000a 04       		.byte	0x4
 285 000b 01       		.uleb128 0x1
 286 000c 63000000 		.4byte	.LASF17
 287 0010 0C       		.byte	0xc
 288 0011 BD010000 		.4byte	.LASF18
 289 0015 00000000 		.4byte	.LASF19
 290 0019 00000000 		.4byte	.Ldebug_line0
 291 001d 02       		.uleb128 0x2
 292 001e 01       		.byte	0x1
 293 001f 06       		.byte	0x6
 294 0020 B1010000 		.4byte	.LASF0
 295 0024 03       		.uleb128 0x3
 296 0025 3F000000 		.4byte	.LASF9
 297 0029 01       		.byte	0x1
 298 002a 1D       		.byte	0x1d
 299 002b 2F000000 		.4byte	0x2f
 300 002f 02       		.uleb128 0x2
 301 0030 01       		.byte	0x1
 302 0031 08       		.byte	0x8
 303 0032 55000000 		.4byte	.LASF1
 304 0036 02       		.uleb128 0x2
 305 0037 02       		.byte	0x2
 306 0038 05       		.byte	0x5
 307 0039 9E010000 		.4byte	.LASF2
 308 003d 02       		.uleb128 0x2
 309 003e 02       		.byte	0x2
 310 003f 07       		.byte	0x7
 311 0040 03010000 		.4byte	.LASF3
 312 0044 02       		.uleb128 0x2
 313 0045 04       		.byte	0x4
 314 0046 05       		.byte	0x5
 315 0047 A8010000 		.4byte	.LASF4
 316 004b 02       		.uleb128 0x2
 317 004c 04       		.byte	0x4
 318 004d 07       		.byte	0x7
 319 004e F1000000 		.4byte	.LASF5
 320 0052 02       		.uleb128 0x2
 321 0053 08       		.byte	0x8
 322 0054 05       		.byte	0x5
 323 0055 90010000 		.4byte	.LASF6
 324 0059 02       		.uleb128 0x2
 325 005a 08       		.byte	0x8
 326 005b 07       		.byte	0x7
 327 005c 45010000 		.4byte	.LASF7
 328 0060 04       		.uleb128 0x4
 329 0061 04       		.byte	0x4
 330 0062 05       		.byte	0x5
 331 0063 696E7400 		.ascii	"int\000"
 332 0067 02       		.uleb128 0x2
 333 0068 04       		.byte	0x4
 334 0069 07       		.byte	0x7
 335 006a 38010000 		.4byte	.LASF8
 336 006e 03       		.uleb128 0x3
 337 006f 5C010000 		.4byte	.LASF10
 338 0073 02       		.byte	0x2
ARM GAS  C:\Users\jdrd3\AppData\Local\Temp\ccQHG6Cp.s 			page 7


 339 0074 18       		.byte	0x18
 340 0075 24000000 		.4byte	0x24
 341 0079 05       		.uleb128 0x5
 342 007a 90000000 		.4byte	0x90
 343 007e 89000000 		.4byte	0x89
 344 0082 06       		.uleb128 0x6
 345 0083 89000000 		.4byte	0x89
 346 0087 CB       		.byte	0xcb
 347 0088 00       		.byte	0
 348 0089 02       		.uleb128 0x2
 349 008a 04       		.byte	0x4
 350 008b 07       		.byte	0x7
 351 008c 87010000 		.4byte	.LASF11
 352 0090 07       		.uleb128 0x7
 353 0091 6E000000 		.4byte	0x6e
 354 0095 08       		.uleb128 0x8
 355 0096 26010000 		.4byte	.LASF12
 356 009a 03       		.byte	0x3
 357 009b 1F       		.byte	0x1f
 358 009c A6000000 		.4byte	0xa6
 359 00a0 05       		.uleb128 0x5
 360 00a1 03       		.byte	0x3
 361 00a2 00000000 		.4byte	cy_meta_configecc
 362 00a6 07       		.uleb128 0x7
 363 00a7 79000000 		.4byte	0x79
 364 00ab 05       		.uleb128 0x5
 365 00ac 90000000 		.4byte	0x90
 366 00b0 BB000000 		.4byte	0xbb
 367 00b4 06       		.uleb128 0x6
 368 00b5 89000000 		.4byte	0x89
 369 00b9 03       		.byte	0x3
 370 00ba 00       		.byte	0
 371 00bb 08       		.uleb128 0x8
 372 00bc 16010000 		.4byte	.LASF13
 373 00c0 03       		.byte	0x3
 374 00c1 46       		.byte	0x46
 375 00c2 CC000000 		.4byte	0xcc
 376 00c6 05       		.uleb128 0x5
 377 00c7 03       		.byte	0x3
 378 00c8 00000000 		.4byte	cy_meta_custnvl
 379 00cc 07       		.uleb128 0x7
 380 00cd AB000000 		.4byte	0xab
 381 00d1 08       		.uleb128 0x8
 382 00d2 79010000 		.4byte	.LASF14
 383 00d6 03       		.byte	0x3
 384 00d7 54       		.byte	0x54
 385 00d8 E2000000 		.4byte	0xe2
 386 00dc 05       		.uleb128 0x5
 387 00dd 03       		.byte	0x3
 388 00de 00000000 		.4byte	cy_meta_wonvl
 389 00e2 07       		.uleb128 0x7
 390 00e3 AB000000 		.4byte	0xab
 391 00e7 05       		.uleb128 0x5
 392 00e8 90000000 		.4byte	0x90
 393 00ec F7000000 		.4byte	0xf7
 394 00f0 06       		.uleb128 0x6
 395 00f1 89000000 		.4byte	0x89
ARM GAS  C:\Users\jdrd3\AppData\Local\Temp\ccQHG6Cp.s 			page 8


 396 00f5 FF       		.byte	0xff
 397 00f6 00       		.byte	0
 398 00f7 08       		.uleb128 0x8
 399 00f8 64010000 		.4byte	.LASF15
 400 00fc 03       		.byte	0x3
 401 00fd 62       		.byte	0x62
 402 00fe 08010000 		.4byte	0x108
 403 0102 05       		.uleb128 0x5
 404 0103 03       		.byte	0x3
 405 0104 00000000 		.4byte	cy_meta_flashprotect
 406 0108 07       		.uleb128 0x7
 407 0109 E7000000 		.4byte	0xe7
 408 010d 05       		.uleb128 0x5
 409 010e 90000000 		.4byte	0x90
 410 0112 1D010000 		.4byte	0x11d
 411 0116 06       		.uleb128 0x6
 412 0117 89000000 		.4byte	0x89
 413 011b 0B       		.byte	0xb
 414 011c 00       		.byte	0
 415 011d 08       		.uleb128 0x8
 416 011e 49000000 		.4byte	.LASF16
 417 0122 03       		.byte	0x3
 418 0123 8F       		.byte	0x8f
 419 0124 2E010000 		.4byte	0x12e
 420 0128 05       		.uleb128 0x5
 421 0129 03       		.byte	0x3
 422 012a 00000000 		.4byte	cy_metadata
 423 012e 07       		.uleb128 0x7
 424 012f 0D010000 		.4byte	0x10d
 425 0133 00       		.byte	0
 426              		.section	.debug_abbrev,"",%progbits
 427              	.Ldebug_abbrev0:
 428 0000 01       		.uleb128 0x1
 429 0001 11       		.uleb128 0x11
 430 0002 01       		.byte	0x1
 431 0003 25       		.uleb128 0x25
 432 0004 0E       		.uleb128 0xe
 433 0005 13       		.uleb128 0x13
 434 0006 0B       		.uleb128 0xb
 435 0007 03       		.uleb128 0x3
 436 0008 0E       		.uleb128 0xe
 437 0009 1B       		.uleb128 0x1b
 438 000a 0E       		.uleb128 0xe
 439 000b 10       		.uleb128 0x10
 440 000c 17       		.uleb128 0x17
 441 000d 00       		.byte	0
 442 000e 00       		.byte	0
 443 000f 02       		.uleb128 0x2
 444 0010 24       		.uleb128 0x24
 445 0011 00       		.byte	0
 446 0012 0B       		.uleb128 0xb
 447 0013 0B       		.uleb128 0xb
 448 0014 3E       		.uleb128 0x3e
 449 0015 0B       		.uleb128 0xb
 450 0016 03       		.uleb128 0x3
 451 0017 0E       		.uleb128 0xe
 452 0018 00       		.byte	0
ARM GAS  C:\Users\jdrd3\AppData\Local\Temp\ccQHG6Cp.s 			page 9


 453 0019 00       		.byte	0
 454 001a 03       		.uleb128 0x3
 455 001b 16       		.uleb128 0x16
 456 001c 00       		.byte	0
 457 001d 03       		.uleb128 0x3
 458 001e 0E       		.uleb128 0xe
 459 001f 3A       		.uleb128 0x3a
 460 0020 0B       		.uleb128 0xb
 461 0021 3B       		.uleb128 0x3b
 462 0022 0B       		.uleb128 0xb
 463 0023 49       		.uleb128 0x49
 464 0024 13       		.uleb128 0x13
 465 0025 00       		.byte	0
 466 0026 00       		.byte	0
 467 0027 04       		.uleb128 0x4
 468 0028 24       		.uleb128 0x24
 469 0029 00       		.byte	0
 470 002a 0B       		.uleb128 0xb
 471 002b 0B       		.uleb128 0xb
 472 002c 3E       		.uleb128 0x3e
 473 002d 0B       		.uleb128 0xb
 474 002e 03       		.uleb128 0x3
 475 002f 08       		.uleb128 0x8
 476 0030 00       		.byte	0
 477 0031 00       		.byte	0
 478 0032 05       		.uleb128 0x5
 479 0033 01       		.uleb128 0x1
 480 0034 01       		.byte	0x1
 481 0035 49       		.uleb128 0x49
 482 0036 13       		.uleb128 0x13
 483 0037 01       		.uleb128 0x1
 484 0038 13       		.uleb128 0x13
 485 0039 00       		.byte	0
 486 003a 00       		.byte	0
 487 003b 06       		.uleb128 0x6
 488 003c 21       		.uleb128 0x21
 489 003d 00       		.byte	0
 490 003e 49       		.uleb128 0x49
 491 003f 13       		.uleb128 0x13
 492 0040 2F       		.uleb128 0x2f
 493 0041 0B       		.uleb128 0xb
 494 0042 00       		.byte	0
 495 0043 00       		.byte	0
 496 0044 07       		.uleb128 0x7
 497 0045 26       		.uleb128 0x26
 498 0046 00       		.byte	0
 499 0047 49       		.uleb128 0x49
 500 0048 13       		.uleb128 0x13
 501 0049 00       		.byte	0
 502 004a 00       		.byte	0
 503 004b 08       		.uleb128 0x8
 504 004c 34       		.uleb128 0x34
 505 004d 00       		.byte	0
 506 004e 03       		.uleb128 0x3
 507 004f 0E       		.uleb128 0xe
 508 0050 3A       		.uleb128 0x3a
 509 0051 0B       		.uleb128 0xb
ARM GAS  C:\Users\jdrd3\AppData\Local\Temp\ccQHG6Cp.s 			page 10


 510 0052 3B       		.uleb128 0x3b
 511 0053 0B       		.uleb128 0xb
 512 0054 49       		.uleb128 0x49
 513 0055 13       		.uleb128 0x13
 514 0056 3F       		.uleb128 0x3f
 515 0057 19       		.uleb128 0x19
 516 0058 02       		.uleb128 0x2
 517 0059 18       		.uleb128 0x18
 518 005a 00       		.byte	0
 519 005b 00       		.byte	0
 520 005c 00       		.byte	0
 521              		.section	.debug_aranges,"",%progbits
 522 0000 14000000 		.4byte	0x14
 523 0004 0200     		.2byte	0x2
 524 0006 00000000 		.4byte	.Ldebug_info0
 525 000a 04       		.byte	0x4
 526 000b 00       		.byte	0
 527 000c 0000     		.2byte	0
 528 000e 0000     		.2byte	0
 529 0010 00000000 		.4byte	0
 530 0014 00000000 		.4byte	0
 531              		.section	.debug_line,"",%progbits
 532              	.Ldebug_line0:
 533 0000 3D010000 		.section	.debug_str,"MS",%progbits,1
 533      02003701 
 533      00000201 
 533      FB0E0D00 
 533      01010101 
 534              	.LASF19:
 535 0000 433A5C55 		.ascii	"C:\\Users\\jdrd3\\Documents\\PSoC Creator\\Ejemplos"
 535      73657273 
 535      5C6A6472 
 535      64335C44 
 535      6F63756D 
 536 002e 5C414443 		.ascii	"\\ADC_sharp.cydsn\000"
 536      5F736861 
 536      72702E63 
 536      7964736E 
 536      00
 537              	.LASF9:
 538 003f 5F5F7569 		.ascii	"__uint8_t\000"
 538      6E74385F 
 538      7400
 539              	.LASF16:
 540 0049 63795F6D 		.ascii	"cy_metadata\000"
 540      65746164 
 540      61746100 
 541              	.LASF1:
 542 0055 756E7369 		.ascii	"unsigned char\000"
 542      676E6564 
 542      20636861 
 542      7200
 543              	.LASF17:
 544 0063 474E5520 		.ascii	"GNU C11 5.4.1 20160609 (release) [ARM/embedded-5-br"
 544      43313120 
 544      352E342E 
 544      31203230 
ARM GAS  C:\Users\jdrd3\AppData\Local\Temp\ccQHG6Cp.s 			page 11


 544      31363036 
 545 0096 616E6368 		.ascii	"anch revision 237715] -mcpu=cortex-m3 -mthumb -g -O"
 545      20726576 
 545      6973696F 
 545      6E203233 
 545      37373135 
 546 00c9 67202D66 		.ascii	"g -ffunction-sections -ffat-lto-objects\000"
 546      66756E63 
 546      74696F6E 
 546      2D736563 
 546      74696F6E 
 547              	.LASF5:
 548 00f1 6C6F6E67 		.ascii	"long unsigned int\000"
 548      20756E73 
 548      69676E65 
 548      6420696E 
 548      7400
 549              	.LASF3:
 550 0103 73686F72 		.ascii	"short unsigned int\000"
 550      7420756E 
 550      7369676E 
 550      65642069 
 550      6E7400
 551              	.LASF13:
 552 0116 63795F6D 		.ascii	"cy_meta_custnvl\000"
 552      6574615F 
 552      63757374 
 552      6E766C00 
 553              	.LASF12:
 554 0126 63795F6D 		.ascii	"cy_meta_configecc\000"
 554      6574615F 
 554      636F6E66 
 554      69676563 
 554      6300
 555              	.LASF8:
 556 0138 756E7369 		.ascii	"unsigned int\000"
 556      676E6564 
 556      20696E74 
 556      00
 557              	.LASF7:
 558 0145 6C6F6E67 		.ascii	"long long unsigned int\000"
 558      206C6F6E 
 558      6720756E 
 558      7369676E 
 558      65642069 
 559              	.LASF10:
 560 015c 75696E74 		.ascii	"uint8_t\000"
 560      385F7400 
 561              	.LASF15:
 562 0164 63795F6D 		.ascii	"cy_meta_flashprotect\000"
 562      6574615F 
 562      666C6173 
 562      6870726F 
 562      74656374 
 563              	.LASF14:
 564 0179 63795F6D 		.ascii	"cy_meta_wonvl\000"
 564      6574615F 
ARM GAS  C:\Users\jdrd3\AppData\Local\Temp\ccQHG6Cp.s 			page 12


 564      776F6E76 
 564      6C00
 565              	.LASF11:
 566 0187 73697A65 		.ascii	"sizetype\000"
 566      74797065 
 566      00
 567              	.LASF6:
 568 0190 6C6F6E67 		.ascii	"long long int\000"
 568      206C6F6E 
 568      6720696E 
 568      7400
 569              	.LASF2:
 570 019e 73686F72 		.ascii	"short int\000"
 570      7420696E 
 570      7400
 571              	.LASF4:
 572 01a8 6C6F6E67 		.ascii	"long int\000"
 572      20696E74 
 572      00
 573              	.LASF0:
 574 01b1 7369676E 		.ascii	"signed char\000"
 574      65642063 
 574      68617200 
 575              	.LASF18:
 576 01bd 47656E65 		.ascii	"Generated_Source\\PSoC5\\cymetadata.c\000"
 576      72617465 
 576      645F536F 
 576      75726365 
 576      5C50536F 
 577              		.ident	"GCC: (GNU Tools for ARM Embedded Processors) 5.4.1 20160609 (release) [ARM/embedded-5-bran
