ARM GAS  C:\Users\jdrd3\AppData\Local\Temp\ccuijXrr.s 			page 1


   1              		.syntax unified
   2              		.cpu cortex-m3
   3              		.fpu softvfp
   4              		.eabi_attribute 20, 1
   5              		.eabi_attribute 21, 1
   6              		.eabi_attribute 23, 3
   7              		.eabi_attribute 24, 1
   8              		.eabi_attribute 25, 1
   9              		.eabi_attribute 26, 1
  10              		.eabi_attribute 30, 1
  11              		.eabi_attribute 34, 1
  12              		.eabi_attribute 18, 4
  13              		.thumb
  14              		.syntax unified
  15              		.file	"main.c"
  16              		.text
  17              	.Ltext0:
  18              		.cfi_sections	.debug_frame
  19              		.global	__aeabi_fmul
  20              		.global	__aeabi_fadd
  21              		.global	__aeabi_fdiv
  22              		.global	__aeabi_f2d
  23              		.section	.text.main,"ax",%progbits
  24              		.align	2
  25              		.global	main
  26              		.thumb
  27              		.thumb_func
  28              		.type	main, %function
  29              	main:
  30              	.LFB64:
  31              		.file 1 "main.c"
   1:main.c        **** /* ========================================
   2:main.c        ****  *
   3:main.c        ****  * Copyright YOUR COMPANY, THE YEAR
   4:main.c        ****  * All Rights Reserved
   5:main.c        ****  * UNPUBLISHED, LICENSED SOFTWARE.
   6:main.c        ****  *
   7:main.c        ****  * CONFIDENTIAL AND PROPRIETARY INFORMATION
   8:main.c        ****  * WHICH IS THE PROPERTY OF your company.
   9:main.c        ****  *
  10:main.c        ****  * ========================================
  11:main.c        **** */
  12:main.c        **** #include "project.h"
  13:main.c        **** #include "stdio.h"
  14:main.c        **** 
  15:main.c        ****     int32 sensor;
  16:main.c        ****     float numS;
  17:main.c        ****     char salida[12];
  18:main.c        **** 
  19:main.c        **** int main(void)
  20:main.c        **** {
  32              		.loc 1 20 0
  33              		.cfi_startproc
  34              		@ Volatile: function does not return.
  35              		@ args = 0, pretend = 0, frame = 0
  36              		@ frame_needed = 0, uses_anonymous_args = 0
  37 0000 08B5     		push	{r3, lr}
ARM GAS  C:\Users\jdrd3\AppData\Local\Temp\ccuijXrr.s 			page 2


  38              		.cfi_def_cfa_offset 8
  39              		.cfi_offset 3, -8
  40              		.cfi_offset 14, -4
  21:main.c        ****    
  22:main.c        ****     ADC_Start();
  41              		.loc 1 22 0
  42 0002 FFF7FEFF 		bl	ADC_Start
  43              	.LVL0:
  23:main.c        ****     Opamp_Start();
  44              		.loc 1 23 0
  45 0006 FFF7FEFF 		bl	Opamp_Start
  46              	.LVL1:
  24:main.c        ****     LCD_Start();
  47              		.loc 1 24 0
  48 000a FFF7FEFF 		bl	LCD_Start
  49              	.LVL2:
  25:main.c        ****     
  26:main.c        ****     LCD_Position(0,5);
  50              		.loc 1 26 0
  51 000e 0521     		movs	r1, #5
  52 0010 0020     		movs	r0, #0
  53 0012 FFF7FEFF 		bl	LCD_Position
  54              	.LVL3:
  27:main.c        ****     LCD_PrintString("hola prras");
  55              		.loc 1 27 0
  56 0016 1748     		ldr	r0, .L4
  57 0018 FFF7FEFF 		bl	LCD_PrintString
  58              	.LVL4:
  28:main.c        ****      CyGlobalIntEnable; /* Enable global interrupts. */
  59              		.loc 1 28 0
  60              		.syntax unified
  61              	@ 28 "main.c" 1
  62 001c 62B6     		CPSIE   i
  63              	@ 0 "" 2
  64              		.thumb
  65              		.syntax unified
  66              	.L2:
  29:main.c        **** 
  30:main.c        ****     for(;;)
  31:main.c        ****     {
  32:main.c        ****         ADC_StartConvert();
  67              		.loc 1 32 0 discriminator 1
  68 001e FFF7FEFF 		bl	ADC_StartConvert
  69              	.LVL5:
  33:main.c        ****         ADC_IsEndConversion(ADC_WAIT_FOR_RESULT);
  70              		.loc 1 33 0 discriminator 1
  71 0022 0020     		movs	r0, #0
  72 0024 FFF7FEFF 		bl	ADC_IsEndConversion
  73              	.LVL6:
  34:main.c        ****         sensor = ADC_GetResult32();
  74              		.loc 1 34 0 discriminator 1
  75 0028 FFF7FEFF 		bl	ADC_GetResult32
  76              	.LVL7:
  77 002c 124C     		ldr	r4, .L4+4
  78 002e 2060     		str	r0, [r4]
  35:main.c        ****         ADC_StopConvert();
  79              		.loc 1 35 0 discriminator 1
ARM GAS  C:\Users\jdrd3\AppData\Local\Temp\ccuijXrr.s 			page 3


  80 0030 FFF7FEFF 		bl	ADC_StopConvert
  81              	.LVL8:
  36:main.c        ****         
  37:main.c        ****         numS = ADC_CountsTo_Volts(sensor);
  82              		.loc 1 37 0 discriminator 1
  83 0034 2068     		ldr	r0, [r4]
  84 0036 FFF7FEFF 		bl	ADC_CountsTo_Volts
  85              	.LVL9:
  38:main.c        ****         
  39:main.c        **** //        numS= (numS-2.35)/-0.035 +1.3 ;
  40:main.c        ****          numS= (-200*numS+470)/7 ;
  86              		.loc 1 40 0 discriminator 1
  87 003a 1049     		ldr	r1, .L4+8
  88 003c FFF7FEFF 		bl	__aeabi_fmul
  89              	.LVL10:
  90 0040 0F49     		ldr	r1, .L4+12
  91 0042 FFF7FEFF 		bl	__aeabi_fadd
  92              	.LVL11:
  93 0046 0F49     		ldr	r1, .L4+16
  94 0048 FFF7FEFF 		bl	__aeabi_fdiv
  95              	.LVL12:
  96 004c 0E4B     		ldr	r3, .L4+20
  97 004e 1860     		str	r0, [r3]	@ float
  41:main.c        ****         sprintf(salida,"%.2f",numS);
  98              		.loc 1 41 0 discriminator 1
  99 0050 FFF7FEFF 		bl	__aeabi_f2d
 100              	.LVL13:
 101 0054 0D4C     		ldr	r4, .L4+24
 102 0056 0246     		mov	r2, r0
 103 0058 0B46     		mov	r3, r1
 104 005a 0D49     		ldr	r1, .L4+28
 105 005c 2046     		mov	r0, r4
 106 005e FFF7FEFF 		bl	sprintf
 107              	.LVL14:
  42:main.c        ****         
  43:main.c        ****         LCD_Position(1,3);
 108              		.loc 1 43 0 discriminator 1
 109 0062 0321     		movs	r1, #3
 110 0064 0120     		movs	r0, #1
 111 0066 FFF7FEFF 		bl	LCD_Position
 112              	.LVL15:
  44:main.c        ****         LCD_PrintString(salida);
 113              		.loc 1 44 0 discriminator 1
 114 006a 2046     		mov	r0, r4
 115 006c FFF7FEFF 		bl	LCD_PrintString
 116              	.LVL16:
 117 0070 D5E7     		b	.L2
 118              	.L5:
 119 0072 00BF     		.align	2
 120              	.L4:
 121 0074 00000000 		.word	.LC0
 122 0078 00000000 		.word	sensor
 123 007c 000048C3 		.word	-1018691584
 124 0080 0000EB43 		.word	1139474432
 125 0084 0000E040 		.word	1088421888
 126 0088 00000000 		.word	numS
 127 008c 00000000 		.word	salida
ARM GAS  C:\Users\jdrd3\AppData\Local\Temp\ccuijXrr.s 			page 4


 128 0090 0C000000 		.word	.LC1
 129              		.cfi_endproc
 130              	.LFE64:
 131              		.size	main, .-main
 132              		.comm	salida,12,4
 133              		.comm	numS,4,4
 134              		.comm	sensor,4,4
 135              		.section	.rodata.str1.4,"aMS",%progbits,1
 136              		.align	2
 137              	.LC0:
 138 0000 686F6C61 		.ascii	"hola prras\000"
 138      20707272 
 138      617300
 139 000b 00       		.space	1
 140              	.LC1:
 141 000c 252E3266 		.ascii	"%.2f\000"
 141      00
 142              		.text
 143              	.Letext0:
 144              		.file 2 "c:\\program files (x86)\\cypress\\psoc creator\\4.2\\psoc creator\\import\\gnu\\arm\\5.4.
 145              		.file 3 "c:\\program files (x86)\\cypress\\psoc creator\\4.2\\psoc creator\\import\\gnu\\arm\\5.4.
 146              		.file 4 "Generated_Source\\PSoC5/cytypes.h"
 147              		.file 5 "Generated_Source\\PSoC5/core_cm3.h"
 148              		.file 6 "Generated_Source\\PSoC5/ADC.h"
 149              		.file 7 "Generated_Source\\PSoC5/Opamp.h"
 150              		.file 8 "Generated_Source\\PSoC5/LCD.h"
 151              		.file 9 "c:\\program files (x86)\\cypress\\psoc creator\\4.2\\psoc creator\\import\\gnu\\arm\\5.4.
 152              		.section	.debug_info,"",%progbits
 153              	.Ldebug_info0:
 154 0000 5A020000 		.4byte	0x25a
 155 0004 0400     		.2byte	0x4
 156 0006 00000000 		.4byte	.Ldebug_abbrev0
 157 000a 04       		.byte	0x4
 158 000b 01       		.uleb128 0x1
 159 000c 81000000 		.4byte	.LASF32
 160 0010 0C       		.byte	0xc
 161 0011 00020000 		.4byte	.LASF33
 162 0015 00000000 		.4byte	.LASF34
 163 0019 00000000 		.4byte	.Ldebug_ranges0+0
 164 001d 00000000 		.4byte	0
 165 0021 00000000 		.4byte	.Ldebug_line0
 166 0025 02       		.uleb128 0x2
 167 0026 01       		.byte	0x1
 168 0027 06       		.byte	0x6
 169 0028 3E020000 		.4byte	.LASF0
 170 002c 02       		.uleb128 0x2
 171 002d 01       		.byte	0x1
 172 002e 08       		.byte	0x8
 173 002f 73000000 		.4byte	.LASF1
 174 0033 02       		.uleb128 0x2
 175 0034 02       		.byte	0x2
 176 0035 05       		.byte	0x5
 177 0036 1F020000 		.4byte	.LASF2
 178 003a 02       		.uleb128 0x2
 179 003b 02       		.byte	0x2
 180 003c 07       		.byte	0x7
 181 003d 49000000 		.4byte	.LASF3
ARM GAS  C:\Users\jdrd3\AppData\Local\Temp\ccuijXrr.s 			page 5


 182 0041 03       		.uleb128 0x3
 183 0042 3F000000 		.4byte	.LASF9
 184 0046 02       		.byte	0x2
 185 0047 3F       		.byte	0x3f
 186 0048 4C000000 		.4byte	0x4c
 187 004c 02       		.uleb128 0x2
 188 004d 04       		.byte	0x4
 189 004e 05       		.byte	0x5
 190 004f 29020000 		.4byte	.LASF4
 191 0053 02       		.uleb128 0x2
 192 0054 04       		.byte	0x4
 193 0055 07       		.byte	0x7
 194 0056 67010000 		.4byte	.LASF5
 195 005a 02       		.uleb128 0x2
 196 005b 08       		.byte	0x8
 197 005c 05       		.byte	0x5
 198 005d F2010000 		.4byte	.LASF6
 199 0061 02       		.uleb128 0x2
 200 0062 08       		.byte	0x8
 201 0063 07       		.byte	0x7
 202 0064 A0010000 		.4byte	.LASF7
 203 0068 04       		.uleb128 0x4
 204 0069 04       		.byte	0x4
 205 006a 05       		.byte	0x5
 206 006b 696E7400 		.ascii	"int\000"
 207 006f 02       		.uleb128 0x2
 208 0070 04       		.byte	0x4
 209 0071 07       		.byte	0x7
 210 0072 93010000 		.4byte	.LASF8
 211 0076 03       		.uleb128 0x3
 212 0077 CE010000 		.4byte	.LASF10
 213 007b 03       		.byte	0x3
 214 007c 2C       		.byte	0x2c
 215 007d 41000000 		.4byte	0x41
 216 0081 05       		.uleb128 0x5
 217 0082 34010000 		.4byte	.LASF11
 218 0086 04       		.byte	0x4
 219 0087 E901     		.2byte	0x1e9
 220 0089 4C000000 		.4byte	0x4c
 221 008d 02       		.uleb128 0x2
 222 008e 04       		.byte	0x4
 223 008f 04       		.byte	0x4
 224 0090 63000000 		.4byte	.LASF12
 225 0094 02       		.uleb128 0x2
 226 0095 08       		.byte	0x8
 227 0096 04       		.byte	0x4
 228 0097 5C000000 		.4byte	.LASF13
 229 009b 02       		.uleb128 0x2
 230 009c 01       		.byte	0x1
 231 009d 08       		.byte	0x8
 232 009e 07020000 		.4byte	.LASF14
 233 00a2 02       		.uleb128 0x2
 234 00a3 08       		.byte	0x8
 235 00a4 04       		.byte	0x4
 236 00a5 32020000 		.4byte	.LASF15
 237 00a9 02       		.uleb128 0x2
 238 00aa 04       		.byte	0x4
ARM GAS  C:\Users\jdrd3\AppData\Local\Temp\ccuijXrr.s 			page 6


 239 00ab 07       		.byte	0x7
 240 00ac D6010000 		.4byte	.LASF16
 241 00b0 06       		.uleb128 0x6
 242 00b1 79010000 		.4byte	.LASF35
 243 00b5 01       		.byte	0x1
 244 00b6 13       		.byte	0x13
 245 00b7 68000000 		.4byte	0x68
 246 00bb 00000000 		.4byte	.LFB64
 247 00bf 94000000 		.4byte	.LFE64-.LFB64
 248 00c3 01       		.uleb128 0x1
 249 00c4 9C       		.byte	0x9c
 250 00c5 90010000 		.4byte	0x190
 251 00c9 07       		.uleb128 0x7
 252 00ca 06000000 		.4byte	.LVL0
 253 00ce E4010000 		.4byte	0x1e4
 254 00d2 07       		.uleb128 0x7
 255 00d3 0A000000 		.4byte	.LVL1
 256 00d7 EF010000 		.4byte	0x1ef
 257 00db 07       		.uleb128 0x7
 258 00dc 0E000000 		.4byte	.LVL2
 259 00e0 FA010000 		.4byte	0x1fa
 260 00e4 08       		.uleb128 0x8
 261 00e5 16000000 		.4byte	.LVL3
 262 00e9 05020000 		.4byte	0x205
 263 00ed FC000000 		.4byte	0xfc
 264 00f1 09       		.uleb128 0x9
 265 00f2 01       		.uleb128 0x1
 266 00f3 50       		.byte	0x50
 267 00f4 01       		.uleb128 0x1
 268 00f5 30       		.byte	0x30
 269 00f6 09       		.uleb128 0x9
 270 00f7 01       		.uleb128 0x1
 271 00f8 51       		.byte	0x51
 272 00f9 01       		.uleb128 0x1
 273 00fa 35       		.byte	0x35
 274 00fb 00       		.byte	0
 275 00fc 08       		.uleb128 0x8
 276 00fd 1C000000 		.4byte	.LVL4
 277 0101 10020000 		.4byte	0x210
 278 0105 13010000 		.4byte	0x113
 279 0109 09       		.uleb128 0x9
 280 010a 01       		.uleb128 0x1
 281 010b 50       		.byte	0x50
 282 010c 05       		.uleb128 0x5
 283 010d 03       		.byte	0x3
 284 010e 00000000 		.4byte	.LC0
 285 0112 00       		.byte	0
 286 0113 07       		.uleb128 0x7
 287 0114 22000000 		.4byte	.LVL5
 288 0118 1B020000 		.4byte	0x21b
 289 011c 08       		.uleb128 0x8
 290 011d 28000000 		.4byte	.LVL6
 291 0121 26020000 		.4byte	0x226
 292 0125 2F010000 		.4byte	0x12f
 293 0129 09       		.uleb128 0x9
 294 012a 01       		.uleb128 0x1
 295 012b 50       		.byte	0x50
ARM GAS  C:\Users\jdrd3\AppData\Local\Temp\ccuijXrr.s 			page 7


 296 012c 01       		.uleb128 0x1
 297 012d 30       		.byte	0x30
 298 012e 00       		.byte	0
 299 012f 07       		.uleb128 0x7
 300 0130 2C000000 		.4byte	.LVL7
 301 0134 31020000 		.4byte	0x231
 302 0138 07       		.uleb128 0x7
 303 0139 34000000 		.4byte	.LVL8
 304 013d 3C020000 		.4byte	0x23c
 305 0141 07       		.uleb128 0x7
 306 0142 3A000000 		.4byte	.LVL9
 307 0146 47020000 		.4byte	0x247
 308 014a 08       		.uleb128 0x8
 309 014b 62000000 		.4byte	.LVL14
 310 014f 52020000 		.4byte	0x252
 311 0153 67010000 		.4byte	0x167
 312 0157 09       		.uleb128 0x9
 313 0158 01       		.uleb128 0x1
 314 0159 50       		.byte	0x50
 315 015a 02       		.uleb128 0x2
 316 015b 74       		.byte	0x74
 317 015c 00       		.sleb128 0
 318 015d 09       		.uleb128 0x9
 319 015e 01       		.uleb128 0x1
 320 015f 51       		.byte	0x51
 321 0160 05       		.uleb128 0x5
 322 0161 03       		.byte	0x3
 323 0162 0C000000 		.4byte	.LC1
 324 0166 00       		.byte	0
 325 0167 08       		.uleb128 0x8
 326 0168 6A000000 		.4byte	.LVL15
 327 016c 05020000 		.4byte	0x205
 328 0170 7F010000 		.4byte	0x17f
 329 0174 09       		.uleb128 0x9
 330 0175 01       		.uleb128 0x1
 331 0176 50       		.byte	0x50
 332 0177 01       		.uleb128 0x1
 333 0178 31       		.byte	0x31
 334 0179 09       		.uleb128 0x9
 335 017a 01       		.uleb128 0x1
 336 017b 51       		.byte	0x51
 337 017c 01       		.uleb128 0x1
 338 017d 33       		.byte	0x33
 339 017e 00       		.byte	0
 340 017f 0A       		.uleb128 0xa
 341 0180 70000000 		.4byte	.LVL16
 342 0184 10020000 		.4byte	0x210
 343 0188 09       		.uleb128 0x9
 344 0189 01       		.uleb128 0x1
 345 018a 50       		.byte	0x50
 346 018b 02       		.uleb128 0x2
 347 018c 74       		.byte	0x74
 348 018d 00       		.sleb128 0
 349 018e 00       		.byte	0
 350 018f 00       		.byte	0
 351 0190 0B       		.uleb128 0xb
 352 0191 4A010000 		.4byte	.LASF17
ARM GAS  C:\Users\jdrd3\AppData\Local\Temp\ccuijXrr.s 			page 8


 353 0195 05       		.byte	0x5
 354 0196 1207     		.2byte	0x712
 355 0198 9C010000 		.4byte	0x19c
 356 019c 0C       		.uleb128 0xc
 357 019d 76000000 		.4byte	0x76
 358 01a1 0D       		.uleb128 0xd
 359 01a2 18020000 		.4byte	.LASF18
 360 01a6 01       		.byte	0x1
 361 01a7 0F       		.byte	0xf
 362 01a8 81000000 		.4byte	0x81
 363 01ac 05       		.uleb128 0x5
 364 01ad 03       		.byte	0x3
 365 01ae 00000000 		.4byte	sensor
 366 01b2 0D       		.uleb128 0xd
 367 01b3 8E010000 		.4byte	.LASF19
 368 01b7 01       		.byte	0x1
 369 01b8 10       		.byte	0x10
 370 01b9 8D000000 		.4byte	0x8d
 371 01bd 05       		.uleb128 0x5
 372 01be 03       		.byte	0x3
 373 01bf 00000000 		.4byte	numS
 374 01c3 0E       		.uleb128 0xe
 375 01c4 9B000000 		.4byte	0x9b
 376 01c8 D3010000 		.4byte	0x1d3
 377 01cc 0F       		.uleb128 0xf
 378 01cd A9000000 		.4byte	0xa9
 379 01d1 0B       		.byte	0xb
 380 01d2 00       		.byte	0
 381 01d3 0D       		.uleb128 0xd
 382 01d4 52020000 		.4byte	.LASF20
 383 01d8 01       		.byte	0x1
 384 01d9 11       		.byte	0x11
 385 01da C3010000 		.4byte	0x1c3
 386 01de 05       		.uleb128 0x5
 387 01df 03       		.byte	0x3
 388 01e0 00000000 		.4byte	salida
 389 01e4 10       		.uleb128 0x10
 390 01e5 C4010000 		.4byte	.LASF21
 391 01e9 C4010000 		.4byte	.LASF21
 392 01ed 06       		.byte	0x6
 393 01ee 3A       		.byte	0x3a
 394 01ef 10       		.uleb128 0x10
 395 01f0 0C020000 		.4byte	.LASF22
 396 01f4 0C020000 		.4byte	.LASF22
 397 01f8 07       		.byte	0x7
 398 01f9 33       		.byte	0x33
 399 01fa 10       		.uleb128 0x10
 400 01fb 69000000 		.4byte	.LASF23
 401 01ff 69000000 		.4byte	.LASF23
 402 0203 08       		.byte	0x8
 403 0204 38       		.byte	0x38
 404 0205 10       		.uleb128 0x10
 405 0206 B7010000 		.4byte	.LASF24
 406 020a B7010000 		.4byte	.LASF24
 407 020e 08       		.byte	0x8
 408 020f 3D       		.byte	0x3d
 409 0210 10       		.uleb128 0x10
ARM GAS  C:\Users\jdrd3\AppData\Local\Temp\ccuijXrr.s 			page 9


 410 0211 7E010000 		.4byte	.LASF25
 411 0215 7E010000 		.4byte	.LASF25
 412 0219 08       		.byte	0x8
 413 021a 3C       		.byte	0x3c
 414 021b 10       		.uleb128 0x10
 415 021c 0F010000 		.4byte	.LASF26
 416 0220 0F010000 		.4byte	.LASF26
 417 0224 06       		.byte	0x6
 418 0225 3D       		.byte	0x3d
 419 0226 10       		.uleb128 0x10
 420 0227 20010000 		.4byte	.LASF27
 421 022b 20010000 		.4byte	.LASF27
 422 022f 06       		.byte	0x6
 423 0230 3F       		.byte	0x3f
 424 0231 10       		.uleb128 0x10
 425 0232 57010000 		.4byte	.LASF28
 426 0236 57010000 		.4byte	.LASF28
 427 023a 06       		.byte	0x6
 428 023b 42       		.byte	0x42
 429 023c 10       		.uleb128 0x10
 430 023d 3A010000 		.4byte	.LASF29
 431 0241 3A010000 		.4byte	.LASF29
 432 0245 06       		.byte	0x6
 433 0246 3E       		.byte	0x3e
 434 0247 10       		.uleb128 0x10
 435 0248 DF010000 		.4byte	.LASF30
 436 024c DF010000 		.4byte	.LASF30
 437 0250 06       		.byte	0x6
 438 0251 49       		.byte	0x49
 439 0252 10       		.uleb128 0x10
 440 0253 4A020000 		.4byte	.LASF31
 441 0257 4A020000 		.4byte	.LASF31
 442 025b 09       		.byte	0x9
 443 025c E7       		.byte	0xe7
 444 025d 00       		.byte	0
 445              		.section	.debug_abbrev,"",%progbits
 446              	.Ldebug_abbrev0:
 447 0000 01       		.uleb128 0x1
 448 0001 11       		.uleb128 0x11
 449 0002 01       		.byte	0x1
 450 0003 25       		.uleb128 0x25
 451 0004 0E       		.uleb128 0xe
 452 0005 13       		.uleb128 0x13
 453 0006 0B       		.uleb128 0xb
 454 0007 03       		.uleb128 0x3
 455 0008 0E       		.uleb128 0xe
 456 0009 1B       		.uleb128 0x1b
 457 000a 0E       		.uleb128 0xe
 458 000b 55       		.uleb128 0x55
 459 000c 17       		.uleb128 0x17
 460 000d 11       		.uleb128 0x11
 461 000e 01       		.uleb128 0x1
 462 000f 10       		.uleb128 0x10
 463 0010 17       		.uleb128 0x17
 464 0011 00       		.byte	0
 465 0012 00       		.byte	0
 466 0013 02       		.uleb128 0x2
ARM GAS  C:\Users\jdrd3\AppData\Local\Temp\ccuijXrr.s 			page 10


 467 0014 24       		.uleb128 0x24
 468 0015 00       		.byte	0
 469 0016 0B       		.uleb128 0xb
 470 0017 0B       		.uleb128 0xb
 471 0018 3E       		.uleb128 0x3e
 472 0019 0B       		.uleb128 0xb
 473 001a 03       		.uleb128 0x3
 474 001b 0E       		.uleb128 0xe
 475 001c 00       		.byte	0
 476 001d 00       		.byte	0
 477 001e 03       		.uleb128 0x3
 478 001f 16       		.uleb128 0x16
 479 0020 00       		.byte	0
 480 0021 03       		.uleb128 0x3
 481 0022 0E       		.uleb128 0xe
 482 0023 3A       		.uleb128 0x3a
 483 0024 0B       		.uleb128 0xb
 484 0025 3B       		.uleb128 0x3b
 485 0026 0B       		.uleb128 0xb
 486 0027 49       		.uleb128 0x49
 487 0028 13       		.uleb128 0x13
 488 0029 00       		.byte	0
 489 002a 00       		.byte	0
 490 002b 04       		.uleb128 0x4
 491 002c 24       		.uleb128 0x24
 492 002d 00       		.byte	0
 493 002e 0B       		.uleb128 0xb
 494 002f 0B       		.uleb128 0xb
 495 0030 3E       		.uleb128 0x3e
 496 0031 0B       		.uleb128 0xb
 497 0032 03       		.uleb128 0x3
 498 0033 08       		.uleb128 0x8
 499 0034 00       		.byte	0
 500 0035 00       		.byte	0
 501 0036 05       		.uleb128 0x5
 502 0037 16       		.uleb128 0x16
 503 0038 00       		.byte	0
 504 0039 03       		.uleb128 0x3
 505 003a 0E       		.uleb128 0xe
 506 003b 3A       		.uleb128 0x3a
 507 003c 0B       		.uleb128 0xb
 508 003d 3B       		.uleb128 0x3b
 509 003e 05       		.uleb128 0x5
 510 003f 49       		.uleb128 0x49
 511 0040 13       		.uleb128 0x13
 512 0041 00       		.byte	0
 513 0042 00       		.byte	0
 514 0043 06       		.uleb128 0x6
 515 0044 2E       		.uleb128 0x2e
 516 0045 01       		.byte	0x1
 517 0046 3F       		.uleb128 0x3f
 518 0047 19       		.uleb128 0x19
 519 0048 03       		.uleb128 0x3
 520 0049 0E       		.uleb128 0xe
 521 004a 3A       		.uleb128 0x3a
 522 004b 0B       		.uleb128 0xb
 523 004c 3B       		.uleb128 0x3b
ARM GAS  C:\Users\jdrd3\AppData\Local\Temp\ccuijXrr.s 			page 11


 524 004d 0B       		.uleb128 0xb
 525 004e 27       		.uleb128 0x27
 526 004f 19       		.uleb128 0x19
 527 0050 49       		.uleb128 0x49
 528 0051 13       		.uleb128 0x13
 529 0052 8701     		.uleb128 0x87
 530 0054 19       		.uleb128 0x19
 531 0055 11       		.uleb128 0x11
 532 0056 01       		.uleb128 0x1
 533 0057 12       		.uleb128 0x12
 534 0058 06       		.uleb128 0x6
 535 0059 40       		.uleb128 0x40
 536 005a 18       		.uleb128 0x18
 537 005b 9642     		.uleb128 0x2116
 538 005d 19       		.uleb128 0x19
 539 005e 01       		.uleb128 0x1
 540 005f 13       		.uleb128 0x13
 541 0060 00       		.byte	0
 542 0061 00       		.byte	0
 543 0062 07       		.uleb128 0x7
 544 0063 898201   		.uleb128 0x4109
 545 0066 00       		.byte	0
 546 0067 11       		.uleb128 0x11
 547 0068 01       		.uleb128 0x1
 548 0069 31       		.uleb128 0x31
 549 006a 13       		.uleb128 0x13
 550 006b 00       		.byte	0
 551 006c 00       		.byte	0
 552 006d 08       		.uleb128 0x8
 553 006e 898201   		.uleb128 0x4109
 554 0071 01       		.byte	0x1
 555 0072 11       		.uleb128 0x11
 556 0073 01       		.uleb128 0x1
 557 0074 31       		.uleb128 0x31
 558 0075 13       		.uleb128 0x13
 559 0076 01       		.uleb128 0x1
 560 0077 13       		.uleb128 0x13
 561 0078 00       		.byte	0
 562 0079 00       		.byte	0
 563 007a 09       		.uleb128 0x9
 564 007b 8A8201   		.uleb128 0x410a
 565 007e 00       		.byte	0
 566 007f 02       		.uleb128 0x2
 567 0080 18       		.uleb128 0x18
 568 0081 9142     		.uleb128 0x2111
 569 0083 18       		.uleb128 0x18
 570 0084 00       		.byte	0
 571 0085 00       		.byte	0
 572 0086 0A       		.uleb128 0xa
 573 0087 898201   		.uleb128 0x4109
 574 008a 01       		.byte	0x1
 575 008b 11       		.uleb128 0x11
 576 008c 01       		.uleb128 0x1
 577 008d 31       		.uleb128 0x31
 578 008e 13       		.uleb128 0x13
 579 008f 00       		.byte	0
 580 0090 00       		.byte	0
ARM GAS  C:\Users\jdrd3\AppData\Local\Temp\ccuijXrr.s 			page 12


 581 0091 0B       		.uleb128 0xb
 582 0092 34       		.uleb128 0x34
 583 0093 00       		.byte	0
 584 0094 03       		.uleb128 0x3
 585 0095 0E       		.uleb128 0xe
 586 0096 3A       		.uleb128 0x3a
 587 0097 0B       		.uleb128 0xb
 588 0098 3B       		.uleb128 0x3b
 589 0099 05       		.uleb128 0x5
 590 009a 49       		.uleb128 0x49
 591 009b 13       		.uleb128 0x13
 592 009c 3F       		.uleb128 0x3f
 593 009d 19       		.uleb128 0x19
 594 009e 3C       		.uleb128 0x3c
 595 009f 19       		.uleb128 0x19
 596 00a0 00       		.byte	0
 597 00a1 00       		.byte	0
 598 00a2 0C       		.uleb128 0xc
 599 00a3 35       		.uleb128 0x35
 600 00a4 00       		.byte	0
 601 00a5 49       		.uleb128 0x49
 602 00a6 13       		.uleb128 0x13
 603 00a7 00       		.byte	0
 604 00a8 00       		.byte	0
 605 00a9 0D       		.uleb128 0xd
 606 00aa 34       		.uleb128 0x34
 607 00ab 00       		.byte	0
 608 00ac 03       		.uleb128 0x3
 609 00ad 0E       		.uleb128 0xe
 610 00ae 3A       		.uleb128 0x3a
 611 00af 0B       		.uleb128 0xb
 612 00b0 3B       		.uleb128 0x3b
 613 00b1 0B       		.uleb128 0xb
 614 00b2 49       		.uleb128 0x49
 615 00b3 13       		.uleb128 0x13
 616 00b4 3F       		.uleb128 0x3f
 617 00b5 19       		.uleb128 0x19
 618 00b6 02       		.uleb128 0x2
 619 00b7 18       		.uleb128 0x18
 620 00b8 00       		.byte	0
 621 00b9 00       		.byte	0
 622 00ba 0E       		.uleb128 0xe
 623 00bb 01       		.uleb128 0x1
 624 00bc 01       		.byte	0x1
 625 00bd 49       		.uleb128 0x49
 626 00be 13       		.uleb128 0x13
 627 00bf 01       		.uleb128 0x1
 628 00c0 13       		.uleb128 0x13
 629 00c1 00       		.byte	0
 630 00c2 00       		.byte	0
 631 00c3 0F       		.uleb128 0xf
 632 00c4 21       		.uleb128 0x21
 633 00c5 00       		.byte	0
 634 00c6 49       		.uleb128 0x49
 635 00c7 13       		.uleb128 0x13
 636 00c8 2F       		.uleb128 0x2f
 637 00c9 0B       		.uleb128 0xb
ARM GAS  C:\Users\jdrd3\AppData\Local\Temp\ccuijXrr.s 			page 13


 638 00ca 00       		.byte	0
 639 00cb 00       		.byte	0
 640 00cc 10       		.uleb128 0x10
 641 00cd 2E       		.uleb128 0x2e
 642 00ce 00       		.byte	0
 643 00cf 3F       		.uleb128 0x3f
 644 00d0 19       		.uleb128 0x19
 645 00d1 3C       		.uleb128 0x3c
 646 00d2 19       		.uleb128 0x19
 647 00d3 6E       		.uleb128 0x6e
 648 00d4 0E       		.uleb128 0xe
 649 00d5 03       		.uleb128 0x3
 650 00d6 0E       		.uleb128 0xe
 651 00d7 3A       		.uleb128 0x3a
 652 00d8 0B       		.uleb128 0xb
 653 00d9 3B       		.uleb128 0x3b
 654 00da 0B       		.uleb128 0xb
 655 00db 00       		.byte	0
 656 00dc 00       		.byte	0
 657 00dd 00       		.byte	0
 658              		.section	.debug_aranges,"",%progbits
 659 0000 1C000000 		.4byte	0x1c
 660 0004 0200     		.2byte	0x2
 661 0006 00000000 		.4byte	.Ldebug_info0
 662 000a 04       		.byte	0x4
 663 000b 00       		.byte	0
 664 000c 0000     		.2byte	0
 665 000e 0000     		.2byte	0
 666 0010 00000000 		.4byte	.LFB64
 667 0014 94000000 		.4byte	.LFE64-.LFB64
 668 0018 00000000 		.4byte	0
 669 001c 00000000 		.4byte	0
 670              		.section	.debug_ranges,"",%progbits
 671              	.Ldebug_ranges0:
 672 0000 00000000 		.4byte	.LFB64
 673 0004 94000000 		.4byte	.LFE64
 674 0008 00000000 		.4byte	0
 675 000c 00000000 		.4byte	0
 676              		.section	.debug_line,"",%progbits
 677              	.Ldebug_line0:
 678 0000 24020000 		.section	.debug_str,"MS",%progbits,1
 678      0200DC01 
 678      00000201 
 678      FB0E0D00 
 678      01010101 
 679              	.LASF34:
 680 0000 433A5C55 		.ascii	"C:\\Users\\jdrd3\\Documents\\PSoC Creator\\Ejemplos"
 680      73657273 
 680      5C6A6472 
 680      64335C44 
 680      6F63756D 
 681 002e 5C414443 		.ascii	"\\ADC_sharp.cydsn\000"
 681      5F736861 
 681      72702E63 
 681      7964736E 
 681      00
 682              	.LASF9:
ARM GAS  C:\Users\jdrd3\AppData\Local\Temp\ccuijXrr.s 			page 14


 683 003f 5F5F696E 		.ascii	"__int32_t\000"
 683      7433325F 
 683      7400
 684              	.LASF3:
 685 0049 73686F72 		.ascii	"short unsigned int\000"
 685      7420756E 
 685      7369676E 
 685      65642069 
 685      6E7400
 686              	.LASF13:
 687 005c 646F7562 		.ascii	"double\000"
 687      6C6500
 688              	.LASF12:
 689 0063 666C6F61 		.ascii	"float\000"
 689      7400
 690              	.LASF23:
 691 0069 4C43445F 		.ascii	"LCD_Start\000"
 691      53746172 
 691      7400
 692              	.LASF1:
 693 0073 756E7369 		.ascii	"unsigned char\000"
 693      676E6564 
 693      20636861 
 693      7200
 694              	.LASF32:
 695 0081 474E5520 		.ascii	"GNU C11 5.4.1 20160609 (release) [ARM/embedded-5-br"
 695      43313120 
 695      352E342E 
 695      31203230 
 695      31363036 
 696 00b4 616E6368 		.ascii	"anch revision 237715] -mcpu=cortex-m3 -mthumb -g -O"
 696      20726576 
 696      6973696F 
 696      6E203233 
 696      37373135 
 697 00e7 67202D66 		.ascii	"g -ffunction-sections -ffat-lto-objects\000"
 697      66756E63 
 697      74696F6E 
 697      2D736563 
 697      74696F6E 
 698              	.LASF26:
 699 010f 4144435F 		.ascii	"ADC_StartConvert\000"
 699      53746172 
 699      74436F6E 
 699      76657274 
 699      00
 700              	.LASF27:
 701 0120 4144435F 		.ascii	"ADC_IsEndConversion\000"
 701      4973456E 
 701      64436F6E 
 701      76657273 
 701      696F6E00 
 702              	.LASF11:
 703 0134 696E7433 		.ascii	"int32\000"
 703      3200
 704              	.LASF29:
 705 013a 4144435F 		.ascii	"ADC_StopConvert\000"
ARM GAS  C:\Users\jdrd3\AppData\Local\Temp\ccuijXrr.s 			page 15


 705      53746F70 
 705      436F6E76 
 705      65727400 
 706              	.LASF17:
 707 014a 49544D5F 		.ascii	"ITM_RxBuffer\000"
 707      52784275 
 707      66666572 
 707      00
 708              	.LASF28:
 709 0157 4144435F 		.ascii	"ADC_GetResult32\000"
 709      47657452 
 709      6573756C 
 709      74333200 
 710              	.LASF5:
 711 0167 6C6F6E67 		.ascii	"long unsigned int\000"
 711      20756E73 
 711      69676E65 
 711      6420696E 
 711      7400
 712              	.LASF35:
 713 0179 6D61696E 		.ascii	"main\000"
 713      00
 714              	.LASF25:
 715 017e 4C43445F 		.ascii	"LCD_PrintString\000"
 715      5072696E 
 715      74537472 
 715      696E6700 
 716              	.LASF19:
 717 018e 6E756D53 		.ascii	"numS\000"
 717      00
 718              	.LASF8:
 719 0193 756E7369 		.ascii	"unsigned int\000"
 719      676E6564 
 719      20696E74 
 719      00
 720              	.LASF7:
 721 01a0 6C6F6E67 		.ascii	"long long unsigned int\000"
 721      206C6F6E 
 721      6720756E 
 721      7369676E 
 721      65642069 
 722              	.LASF24:
 723 01b7 4C43445F 		.ascii	"LCD_Position\000"
 723      506F7369 
 723      74696F6E 
 723      00
 724              	.LASF21:
 725 01c4 4144435F 		.ascii	"ADC_Start\000"
 725      53746172 
 725      7400
 726              	.LASF10:
 727 01ce 696E7433 		.ascii	"int32_t\000"
 727      325F7400 
 728              	.LASF16:
 729 01d6 73697A65 		.ascii	"sizetype\000"
 729      74797065 
 729      00
ARM GAS  C:\Users\jdrd3\AppData\Local\Temp\ccuijXrr.s 			page 16


 730              	.LASF30:
 731 01df 4144435F 		.ascii	"ADC_CountsTo_Volts\000"
 731      436F756E 
 731      7473546F 
 731      5F566F6C 
 731      747300
 732              	.LASF6:
 733 01f2 6C6F6E67 		.ascii	"long long int\000"
 733      206C6F6E 
 733      6720696E 
 733      7400
 734              	.LASF33:
 735 0200 6D61696E 		.ascii	"main.c\000"
 735      2E6300
 736              	.LASF14:
 737 0207 63686172 		.ascii	"char\000"
 737      00
 738              	.LASF22:
 739 020c 4F70616D 		.ascii	"Opamp_Start\000"
 739      705F5374 
 739      61727400 
 740              	.LASF18:
 741 0218 73656E73 		.ascii	"sensor\000"
 741      6F7200
 742              	.LASF2:
 743 021f 73686F72 		.ascii	"short int\000"
 743      7420696E 
 743      7400
 744              	.LASF4:
 745 0229 6C6F6E67 		.ascii	"long int\000"
 745      20696E74 
 745      00
 746              	.LASF15:
 747 0232 6C6F6E67 		.ascii	"long double\000"
 747      20646F75 
 747      626C6500 
 748              	.LASF0:
 749 023e 7369676E 		.ascii	"signed char\000"
 749      65642063 
 749      68617200 
 750              	.LASF31:
 751 024a 73707269 		.ascii	"sprintf\000"
 751      6E746600 
 752              	.LASF20:
 753 0252 73616C69 		.ascii	"salida\000"
 753      646100
 754              		.ident	"GCC: (GNU Tools for ARM Embedded Processors) 5.4.1 20160609 (release) [ARM/embedded-5-bran
